2017-03-24 22:58:24,308 ERROR [main] - Statistics - Statistics file `/Users/soon/.scalaide/statistics` is corrupted. A new one is being created. Corrupted content was:

com.cedarsoftware.util.io.JsonIoException: error parsing JSON value
	at com.cedarsoftware.util.io.JsonReader.readObject(JsonReader.java:529)
	at com.cedarsoftware.util.io.JsonReader.jsonToJava(JsonReader.java:289)
	at com.cedarsoftware.util.io.JsonReader.jsonToJava(JsonReader.java:262)
	at org.scalaide.core.internal.statistics.Statistics.org$scalaide$core$internal$statistics$Statistics$$read(Statistics.scala:74)
	at org.scalaide.core.internal.statistics.Statistics$$anonfun$readStats$1.apply(Statistics.scala:52)
	at org.scalaide.core.internal.statistics.Statistics$$anonfun$readStats$1.apply(Statistics.scala:51)
	at org.scalaide.core.ScalaIdeDataStore$$anonfun$validate$2.apply(ScalaIdeDataStore.scala:59)
	at org.scalaide.util.eclipse.EclipseUtils$$anon$3.run(EclipseUtils.scala:214)
	at org.eclipse.core.runtime.SafeRunner.run(SafeRunner.java:42)
	at org.scalaide.util.eclipse.EclipseUtils$.withSafeRunner(EclipseUtils.scala:210)
	at org.scalaide.core.ScalaIdeDataStore$.validate(ScalaIdeDataStore.scala:58)
	at org.scalaide.core.internal.statistics.Statistics.readStats(Statistics.scala:51)
	at org.scalaide.core.internal.statistics.Statistics.<init>(Statistics.scala:30)
	at org.scalaide.core.internal.ScalaPlugin.stats$lzycompute(ScalaPlugin.scala:135)
	at org.scalaide.core.internal.ScalaPlugin.stats(ScalaPlugin.scala:135)
	at org.scalaide.core.internal.ScalaPlugin.statistics(ScalaPlugin.scala:138)
	at org.scalaide.core.internal.ScalaPlugin.start(ScalaPlugin.scala:109)
	at org.eclipse.osgi.internal.framework.BundleContextImpl$3.run(BundleContextImpl.java:774)
	at org.eclipse.osgi.internal.framework.BundleContextImpl$3.run(BundleContextImpl.java:1)
	at java.security.AccessController.doPrivileged(Native Method)
	at org.eclipse.osgi.internal.framework.BundleContextImpl.startActivator(BundleContextImpl.java:767)
	at org.eclipse.osgi.internal.framework.BundleContextImpl.start(BundleContextImpl.java:724)
	at org.eclipse.osgi.internal.framework.EquinoxBundle.startWorker0(EquinoxBundle.java:932)
	at org.eclipse.osgi.internal.framework.EquinoxBundle$EquinoxModule.startWorker(EquinoxBundle.java:309)
	at org.eclipse.osgi.container.Module.doStart(Module.java:581)
	at org.eclipse.osgi.container.Module.start(Module.java:449)
	at org.eclipse.osgi.framework.util.SecureAction.start(SecureAction.java:470)
	at org.eclipse.osgi.internal.hooks.EclipseLazyStarter.postFindLocalClass(EclipseLazyStarter.java:107)
	at org.eclipse.osgi.internal.loader.classpath.ClasspathManager.findLocalClass(ClasspathManager.java:529)
	at org.eclipse.osgi.internal.loader.ModuleClassLoader.findLocalClass(ModuleClassLoader.java:325)
	at org.eclipse.osgi.internal.loader.BundleLoader.findLocalClass(BundleLoader.java:345)
	at org.eclipse.osgi.internal.loader.BundleLoader.findClassInternal(BundleLoader.java:423)
	at org.eclipse.osgi.internal.loader.BundleLoader.findClass(BundleLoader.java:372)
	at org.eclipse.osgi.internal.loader.BundleLoader.findClass(BundleLoader.java:364)
	at org.eclipse.osgi.internal.loader.ModuleClassLoader.loadClass(ModuleClassLoader.java:161)
	at java.lang.ClassLoader.loadClass(ClassLoader.java:357)
	at org.eclipse.osgi.internal.framework.EquinoxBundle.loadClass(EquinoxBundle.java:564)
	at org.eclipse.core.internal.registry.osgi.RegistryStrategyOSGI.createExecutableExtension(RegistryStrategyOSGI.java:174)
	at org.eclipse.core.internal.registry.ExtensionRegistry.createExecutableExtension(ExtensionRegistry.java:905)
	at org.eclipse.core.internal.registry.ConfigurationElement.createExecutableExtension(ConfigurationElement.java:243)
	at org.eclipse.core.internal.registry.ConfigurationElementHandle.createExecutableExtension(ConfigurationElementHandle.java:55)
	at org.eclipse.ui.internal.registry.PerspectiveDescriptor.createFactory(PerspectiveDescriptor.java:75)
	at org.eclipse.ui.internal.WorkbenchPage.createPerspective(WorkbenchPage.java:4159)
	at org.eclipse.ui.internal.WorkbenchPage.setPerspective(WorkbenchPage.java:4068)
	at org.eclipse.ui.internal.WorkbenchWindow.setup(WorkbenchWindow.java:738)
	at sun.reflect.NativeMethodAccessorImpl.invoke0(Native Method)
	at sun.reflect.NativeMethodAccessorImpl.invoke(NativeMethodAccessorImpl.java:62)
	at sun.reflect.DelegatingMethodAccessorImpl.invoke(DelegatingMethodAccessorImpl.java:43)
	at java.lang.reflect.Method.invoke(Method.java:498)
	at org.eclipse.e4.core.internal.di.MethodRequestor.execute(MethodRequestor.java:55)
	at org.eclipse.e4.core.internal.di.InjectorImpl.processAnnotated(InjectorImpl.java:966)
	at org.eclipse.e4.core.internal.di.InjectorImpl.inject(InjectorImpl.java:151)
	at org.eclipse.e4.core.internal.di.InjectorImpl.inject(InjectorImpl.java:118)
	at org.eclipse.e4.core.contexts.ContextInjectionFactory.inject(ContextInjectionFactory.java:73)
	at org.eclipse.ui.internal.Workbench.createWorkbenchWindow(Workbench.java:1525)
	at org.eclipse.ui.internal.Workbench.getActiveWorkbenchWindow(Workbench.java:1499)
	at org.eclipse.ui.internal.services.WorkbenchSourceProvider.updateActiveShell(WorkbenchSourceProvider.java:923)
	at org.eclipse.ui.internal.services.WorkbenchSourceProvider.getCurrentState(WorkbenchSourceProvider.java:117)
	at org.eclipse.ui.internal.services.WorkbenchSourceProvider$6.handleEvent(WorkbenchSourceProvider.java:683)
	at org.eclipse.swt.widgets.EventTable.sendEvent(EventTable.java:84)
	at org.eclipse.swt.widgets.Display.filterEvent(Display.java:1097)
	at org.eclipse.swt.widgets.Display.sendEvent(Display.java:4243)
	at org.eclipse.swt.widgets.Widget.sendEvent(Widget.java:1501)
	at org.eclipse.swt.widgets.Widget.sendEvent(Widget.java:1524)
	at org.eclipse.swt.widgets.Widget.sendEvent(Widget.java:1505)
	at org.eclipse.swt.widgets.Shell.windowDidBecomeKey(Shell.java:2229)
	at org.eclipse.swt.widgets.Display.windowProc(Display.java:5773)
	at org.eclipse.swt.internal.cocoa.OS.objc_msgSendSuper(Native Method)
	at org.eclipse.swt.widgets.Widget.callSuper(Widget.java:220)
	at org.eclipse.swt.widgets.Widget.becomeKeyWindow(Widget.java:381)
	at org.eclipse.swt.widgets.Shell.becomeKeyWindow(Shell.java:530)
	at org.eclipse.swt.widgets.Display.windowProc(Display.java:5589)
	at org.eclipse.swt.internal.cocoa.OS.objc_msgSend(Native Method)
	at org.eclipse.swt.internal.cocoa.NSWindow.makeKeyAndOrderFront(NSWindow.java:202)
	at org.eclipse.swt.widgets.Shell.makeKeyAndOrderFront(Shell.java:1312)
	at org.eclipse.swt.widgets.Shell.setWindowVisible(Shell.java:2019)
	at org.eclipse.swt.widgets.Shell.open(Shell.java:1372)
	at org.eclipse.e4.ui.workbench.renderers.swt.WBWRenderer.postProcess(WBWRenderer.java:805)
	at org.eclipse.e4.ui.internal.workbench.swt.PartRenderingEngine.safeCreateGui(PartRenderingEngine.java:669)
	at org.eclipse.e4.ui.internal.workbench.swt.PartRenderingEngine.safeCreateGui(PartRenderingEngine.java:757)
	at org.eclipse.e4.ui.internal.workbench.swt.PartRenderingEngine.access$0(PartRenderingEngine.java:728)
	at org.eclipse.e4.ui.internal.workbench.swt.PartRenderingEngine$2.run(PartRenderingEngine.java:722)
	at org.eclipse.core.runtime.SafeRunner.run(SafeRunner.java:42)
	at org.eclipse.e4.ui.internal.workbench.swt.PartRenderingEngine.createGui(PartRenderingEngine.java:706)
	at org.eclipse.e4.ui.internal.workbench.swt.PartRenderingEngine$4.run(PartRenderingEngine.java:1059)
	at org.eclipse.core.databinding.observable.Realm.runWithDefault(Realm.java:336)
	at org.eclipse.e4.ui.internal.workbench.swt.PartRenderingEngine.run(PartRenderingEngine.java:1022)
	at org.eclipse.e4.ui.internal.workbench.E4Workbench.createAndRunUI(E4Workbench.java:150)
	at org.eclipse.ui.internal.Workbench$5.run(Workbench.java:687)
	at org.eclipse.core.databinding.observable.Realm.runWithDefault(Realm.java:336)
	at org.eclipse.ui.internal.Workbench.createAndRunWorkbench(Workbench.java:604)
	at org.eclipse.ui.PlatformUI.createAndRunWorkbench(PlatformUI.java:148)
	at org.eclipse.ui.internal.ide.application.IDEApplication.start(IDEApplication.java:138)
	at org.eclipse.equinox.internal.app.EclipseAppHandle.run(EclipseAppHandle.java:196)
	at org.eclipse.core.runtime.internal.adaptor.EclipseAppLauncher.runApplication(EclipseAppLauncher.java:134)
	at org.eclipse.core.runtime.internal.adaptor.EclipseAppLauncher.start(EclipseAppLauncher.java:104)
	at org.eclipse.core.runtime.adaptor.EclipseStarter.run(EclipseStarter.java:388)
	at org.eclipse.core.runtime.adaptor.EclipseStarter.run(EclipseStarter.java:243)
	at sun.reflect.NativeMethodAccessorImpl.invoke0(Native Method)
	at sun.reflect.NativeMethodAccessorImpl.invoke(NativeMethodAccessorImpl.java:62)
	at sun.reflect.DelegatingMethodAccessorImpl.invoke(DelegatingMethodAccessorImpl.java:43)
	at java.lang.reflect.Method.invoke(Method.java:498)
	at org.eclipse.equinox.launcher.Main.invokeFramework(Main.java:673)
	at org.eclipse.equinox.launcher.Main.basicRun(Main.java:610)
	at org.eclipse.equinox.launcher.Main.run(Main.java:1519)
Caused by: com.cedarsoftware.util.io.JsonIoException: EOF reached prematurely
	at com.cedarsoftware.util.io.JsonParser.error(JsonParser.java:584)
	at com.cedarsoftware.util.io.JsonParser.readValue(JsonParser.java:278)
	at com.cedarsoftware.util.io.JsonReader.readObject(JsonReader.java:521)
	... 104 more
2017-03-24 22:58:58,834  WARN [ModalContext] - ScalaProject - Project helloworld has platform default sourceLevel.
2017-03-24 22:58:58,841  WARN [ModalContext] - ScalaProject - Project helloworld runs on platform default installation.
2017-03-24 22:58:58,898 ERROR [Worker-0] - System.err - log4j:WARN No appenders could be found for logger (org.eclipse.jgit.util.FS).
2017-03-24 22:58:58,898 ERROR [Worker-0] - System.err - log4j:WARN Please initialize the log4j system properly.
2017-03-24 22:58:59,581  WARN [Worker-3] - ScalaProject - Project helloworld has platform default sourceLevel.
2017-03-24 22:58:59,583  WARN [Worker-3] - ScalaProject - Project helloworld runs on platform default installation.
2017-03-24 23:00:04,838  WARN [main] - ScalaProject - Project helloworld has platform default sourceLevel.
2017-03-24 23:00:04,839  WARN [main] - ScalaProject - Project helloworld runs on platform default installation.
2017-03-24 23:00:41,868  WARN [main] - ScalaProject - Project helloworld has platform default sourceLevel.
2017-03-24 23:00:41,869  WARN [main] - ScalaProject - Project helloworld runs on platform default installation.
2017-03-24 23:00:42,145  WARN [Worker-3] - ScalaProject - Project helloworld has platform default sourceLevel.
2017-03-24 23:00:42,146  WARN [Worker-3] - ScalaProject - Project helloworld runs on platform default installation.
2017-03-24 23:01:25,423  WARN [Worker-0] - ScalaProject - Project helloworld has platform default sourceLevel.
2017-03-24 23:01:25,424  WARN [Worker-0] - ScalaProject - Project helloworld runs on platform default installation.
2017-03-24 23:02:04,263  WARN [Worker-0] - ScalaProject - Project helloworld has platform default sourceLevel.
2017-03-24 23:02:04,263  WARN [Worker-0] - ScalaProject - Project helloworld runs on platform default installation.
2017-03-24 23:02:14,035  WARN [main] - ScalaProject - Project helloworld has platform default sourceLevel.
2017-03-24 23:02:14,035  WARN [main] - ScalaProject - Project helloworld runs on platform default installation.
2017-03-24 23:02:17,937  WARN [main] - ScalaProject - Project helloworld has platform default sourceLevel.
2017-03-24 23:02:17,937  WARN [main] - ScalaProject - Project helloworld runs on platform default installation.
2017-03-24 23:02:18,095  WARN [Worker-6] - ScalaProject - Project helloworld has platform default sourceLevel.
2017-03-24 23:02:18,095  WARN [Worker-6] - ScalaProject - Project helloworld runs on platform default installation.
2017-03-24 23:02:57,209  WARN [Worker-0] - ScalaProject - Project helloworld has platform default sourceLevel.
2017-03-24 23:02:57,210  WARN [Worker-0] - ScalaProject - Project helloworld runs on platform default installation.
2017-03-24 23:02:57,315  WARN [main] - ScalaProject - Project helloworld has platform default sourceLevel.
2017-03-24 23:02:57,316  WARN [main] - ScalaProject - Project helloworld runs on platform default installation.
2017-03-24 23:03:31,382  WARN [Worker-4] - ScalaProject - Project helloworld has platform default sourceLevel.
2017-03-24 23:03:31,383  WARN [Worker-4] - ScalaProject - Project helloworld runs on platform default installation.
2017-03-24 23:03:42,273  WARN [main] - ScalaProject - Project helloworld has platform default sourceLevel.
2017-03-24 23:03:42,273  WARN [main] - ScalaProject - Project helloworld runs on platform default installation.
2017-03-24 23:03:52,537  WARN [main] - ScalaProject - Project helloworld has platform default sourceLevel.
2017-03-24 23:03:52,537  WARN [main] - ScalaProject - Project helloworld runs on platform default installation.
2017-03-24 23:03:52,751  WARN [Worker-0] - ScalaProject - Project helloworld has platform default sourceLevel.
2017-03-24 23:03:52,751  WARN [Worker-0] - ScalaProject - Project helloworld runs on platform default installation.
2017-03-24 23:05:38,375  WARN [Worker-3] - ScalaProject - Project helloworld has platform default sourceLevel.
2017-03-24 23:05:38,375  WARN [Worker-3] - ScalaProject - Project helloworld runs on platform default installation.
2017-03-24 23:06:15,354  WARN [Worker-5] - ScalaProject - Project helloworld has platform default sourceLevel.
2017-03-24 23:06:15,355  WARN [Worker-5] - ScalaProject - Project helloworld runs on platform default installation.
